<?xml version="1.0" encoding="UTF-8"?>
<!-- Generated by org.testng.reporters.JUnitReportReporter -->
<testsuite skipped="0" hostname="pjeevana" name="com.ibm.jenkins.com.ibm.jenkins.launchApplication" tests="1" failures="0" timestamp="04 Jan 2019 05:23:04 GMT" time="0.009" errors="0">
  <testcase name="f" time="0.009" classname="com.ibm.jenkins.com.ibm.jenkins.launchApplication"/>
</testsuite> <!-- com.ibm.jenkins.com.ibm.jenkins.launchApplication -->
